<?xml version="1.0" encoding="UTF-8"?>
<!-- Generated by org.testng.reporters.JUnitReportReporter -->
<testsuite hostname="MSI" failures="0" tests="2" name="test.OpeninAppTest" time="69.436" errors="0" timestamp="21 Jul 2024 07:22:04 GMT" skipped="0">
  <testcase classname="test.OpeninAppTest" name="signUp" time="46.600"/>
  <testcase classname="test.OpeninAppTest" name="loginTest" time="22.836"/>
</testsuite> <!-- test.OpeninAppTest -->
