<?xml version="1.0" encoding="UTF-8"?>
<!-- Generated by org.testng.reporters.JUnitReportReporter -->
<testsuite hostname="MSI" failures="0" tests="1" name="generic.BasicSetup" time="0.004" errors="0" timestamp="20 Jul 2024 13:45:52 GMT" skipped="0">
  <testcase classname="generic.BasicSetup" name="test" time="0.004"/>
</testsuite> <!-- generic.BasicSetup -->
